This is pdfTeX, Version 3.141592653-2.6-1.40.27 (TeX Live 2025) (preloaded format=pdflatex 2025.4.28)  6 NOV 2025 13:45
entering extended mode
 restricted \write18 enabled.
 %&-line parsing enabled.
**C:/Users/ATELLB~1/AppData/Local/Temp/RtmpKCy8V7/file553c1c4b2a76.tex
! Emergency stop.
<to be read again> 
                   \protect 
<*> C:/Users/ATELLB~
                    1/AppData/Local/Temp/RtmpKCy8V7/file553c1c4b2a76.tex
*** (job aborted, file error in nonstop mode)

 
Here is how much of TeX's memory you used:
 4 strings out of 471607
 111 string characters out of 5519070
 423121 words of memory out of 5000000
 26665 multiletter control sequences out of 15000+600000
 626825 words of font info for 40 fonts, out of 8000000 for 9000
 14 hyphenation exceptions out of 8191
 2i,0n,0p,1b,6s stack positions out of 10000i,1000n,20000p,200000b,200000s
!  ==> Fatal error occurred, no output PDF file produced!
